<?xml version="1.0" encoding="UTF-8"?>
<!-- Generated by org.testng.reporters.JUnitReportReporter -->
<testsuite hostname="JustCODE" failures="0" tests="3" name="vtiger.GetDtaProvide" time="0.020" errors="0" timestamp="2023-07-28T14:51:42 IST" skipped="0">
  <testcase classname="vtiger.GetDtaProvide" name="Fetch" time="0.002"/>
  <testcase classname="vtiger.GetDtaProvide" name="Fetch" time="0.014"/>
  <testcase classname="vtiger.GetDtaProvide" name="Fetch" time="0.004"/>
</testsuite> <!-- vtiger.GetDtaProvide -->
