<?xml version="1.0" encoding="UTF-8"?>
<!-- Generated by org.testng.reporters.JUnitReportReporter -->
<testsuite hostname="JustCODE" failures="0" tests="4" name="customerContactTest.CreateOrganisationTest" time="45.294" errors="0" timestamp="2023-08-07T21:44:46 IST" skipped="0">
  <testcase classname="customerContactTest.CreateOrganisationTest" name="create" time="11.035"/>
  <testcase classname="customerContactTest.CreateOrganisationTest" name="create" time="11.532"/>
  <testcase classname="customerContactTest.CreateOrganisationTest" name="create" time="11.542"/>
  <testcase classname="customerContactTest.CreateOrganisationTest" name="create" time="11.185"/>
</testsuite> <!-- customerContactTest.CreateOrganisationTest -->
