<?xml version="1.0" encoding="UTF-8"?>
<!-- Generated by org.testng.reporters.JUnitReportReporter -->
<testsuite hostname="JustCODE" failures="0" tests="4" name="vtiger.TestNGfeature_Practice" time="0.014" errors="0" timestamp="2023-08-07T11:03:13 IST" skipped="1">
  <testcase classname="vtiger.TestNGfeature_Practice" name="create" time="0.002"/>
  <testcase classname="vtiger.TestNGfeature_Practice" name="create" time="0.010"/>
  <testcase classname="vtiger.TestNGfeature_Practice" name="delete" time="0.002"/>
  <testcase classname="vtiger.TestNGfeature_Practice" name="updated">
    <skipped/>
  </testcase> <!-- updated -->
</testsuite> <!-- vtiger.TestNGfeature_Practice -->
