<?xml version="1.0" encoding="UTF-8"?>
<!-- Generated by org.testng.reporters.JUnitReportReporter -->
<testsuite hostname="JustCODE" failures="0" tests="2" name="organisationTest.verifyuserCreateContactTest" time="31.559" errors="0" timestamp="2023-08-02T15:13:12 IST" skipped="0">
  <testcase classname="organisationTest.verifyuserCreateContactTest" name="Demo" time="9.294"/>
  <testcase classname="organisationTest.verifyuserCreateContactTest" name="createContact" time="22.265">
    <system-out>
      <![CDATA[contact link click]]>
    </system-out>
  </testcase> <!-- createContact -->
  <system-out>
    <![CDATA[contact link click]]>
  </system-out>
</testsuite> <!-- organisationTest.verifyuserCreateContactTest -->
