<?xml version="1.0" encoding="UTF-8"?>
<!-- Generated by org.testng.reporters.JUnitReportReporter -->
<testsuite hostname="JustCODE" failures="0" tests="2" name="organisationTest.verifyuserCreateContactTest" time="18.301" errors="0" timestamp="2023-08-07T21:43:38 IST" skipped="0">
  <testcase classname="organisationTest.verifyuserCreateContactTest" name="Demo" time="5.407"/>
  <testcase classname="organisationTest.verifyuserCreateContactTest" name="createContact" time="12.894">
    <system-out>
      <![CDATA[contact link click]]>
    </system-out>
  </testcase> <!-- createContact -->
  <system-out>
    <![CDATA[contact link click]]>
  </system-out>
</testsuite> <!-- organisationTest.verifyuserCreateContactTest -->
