<?xml version="1.0" encoding="UTF-8"?>
<!-- Generated by org.testng.reporters.JUnitReportReporter -->
<testsuite hostname="JustCODE" failures="0" tests="3" name="vtiger.DataProvider_practice" time="0.017" errors="0" timestamp="2023-07-28T14:25:39 IST" skipped="0">
  <testcase classname="vtiger.DataProvider_practice" name="getdata" time="0.002"/>
  <testcase classname="vtiger.DataProvider_practice" name="getdata" time="0.003"/>
  <testcase classname="vtiger.DataProvider_practice" name="getdata" time="0.012"/>
</testsuite> <!-- vtiger.DataProvider_practice -->
